<?xml version="1.0" encoding="UTF-8"?>
<!-- Generated by org.testng.reporters.JUnitXMLReporter -->
<testsuite ignored="6" hostname="DESKTOP-N985JV5" failures="1" tests="2" name="Test" time="112.526" errors="0" timestamp="2022-11-22T17:58:19 IST">
  <testcase classname="Browser.Testclass" name="verifytext" time="18.625"/>
  <testcase classname="Browser.Testclass1" name="ApplicationForm" time="2.494">
    <failure type="org.openqa.selenium.support.ui.UnexpectedTagNameException" message="Element should have been &amp;quot;select&amp;quot; but was &amp;quot;span&amp;quot;
Build info: version: &amp;apos;4.3.0&amp;apos;, revision: &amp;apos;a4995e2c09*&amp;apos;
System info: host: &amp;apos;DESKTOP-N985JV5&amp;apos;, ip: &amp;apos;192.168.1.2&amp;apos;, os.name: &amp;apos;Windows 10&amp;apos;, os.arch: &amp;apos;amd64&amp;apos;, os.version: &amp;apos;10.0&amp;apos;, java.version: &amp;apos;17.0.2&amp;apos;
Driver info: driver.version: unknown">
      <![CDATA[org.openqa.selenium.support.ui.UnexpectedTagNameException: Element should have been "select" but was "span"
Build info: version: '4.3.0', revision: 'a4995e2c09*'
System info: host: 'DESKTOP-N985JV5', ip: '192.168.1.2', os.name: 'Windows 10', os.arch: 'amd64', os.version: '10.0', java.version: '17.0.2'
Driver info: driver.version: unknown
at org.openqa.selenium.support.ui.Select.<init>(Select.java:49)
at POM.Applicationform.none2(Applicationform.java:156)
at Browser.Testclass1.ApplicationForm(Testclass1.java:27)
at java.base/java.util.ArrayList.forEach(ArrayList.java:1511)
... Removed 27 stack frames]]>
    </failure>
  </testcase> <!-- ApplicationForm -->
  <testcase classname="Browser.Baseclass" name="@BeforeTest loginTest" time="0.0">
    <ignored/>
  </testcase> <!-- @BeforeTest loginTest -->
  <testcase classname="Browser.Baseclass" name="@BeforeSuite BrowserInt" time="0.0">
    <ignored/>
  </testcase> <!-- @BeforeSuite BrowserInt -->
  <testcase classname="Browser.Baseclass" name="@AfterSuite tearDown" time="0.0">
    <ignored/>
  </testcase> <!-- @AfterSuite tearDown -->
  <testcase classname="Browser.Baseclass" name="@BeforeTest loginTest" time="0.0">
    <ignored/>
  </testcase> <!-- @BeforeTest loginTest -->
  <testcase classname="Browser.Baseclass" name="@BeforeSuite BrowserInt" time="0.0">
    <ignored/>
  </testcase> <!-- @BeforeSuite BrowserInt -->
  <testcase classname="Browser.Baseclass" name="@AfterSuite tearDown" time="0.0">
    <ignored/>
  </testcase> <!-- @AfterSuite tearDown -->
</testsuite> <!-- Test -->
