<?xml version="1.0" encoding="UTF-8"?>
<testng-results ignored="6" total="8" passed="1" failed="1" skipped="0">
  <reporter-output>
  </reporter-output>
  <suite started-at="2022-11-22T17:56:27 IST" name="Suite" finished-at="2022-11-22T17:58:19 IST" duration-ms="112526">
    <groups>
    </groups>
    <test started-at="2022-11-22T17:56:27 IST" name="Test" finished-at="2022-11-22T17:58:19 IST" duration-ms="112526">
      <class name="Browser.Testclass">
        <test-method signature="verifytext()[pri:0, instance:Browser.Testclass@644baf4a]" started-at="2022-11-22T17:57:58 IST" name="verifytext" finished-at="2022-11-22T17:58:17 IST" duration-ms="18625" status="PASS">
          <reporter-output>
          </reporter-output>
        </test-method> <!-- verifytext -->
        <test-method is-config="true" signature="TestStatus(org.testng.ITestResult)[pri:0, instance:Browser.Testclass@644baf4a]" started-at="2022-11-22T17:58:17 IST" name="TestStatus" finished-at="2022-11-22T17:58:17 IST" duration-ms="9" status="PASS">
          <params>
            <param index="0">
              <value>
                <![CDATA[[TestResult name=verifytext status=SUCCESS method=Testclass.verifytext()[pri:0, instance:Browser.Testclass@644baf4a] output={null}]]]>
              </value>
            </param>
          </params>
          <reporter-output>
          </reporter-output>
        </test-method> <!-- TestStatus -->
      </class> <!-- Browser.Testclass -->
      <class name="Browser.Testclass1">
        <test-method signature="ApplicationForm()[pri:0, instance:Browser.Testclass1@7526515b]" started-at="2022-11-22T17:58:17 IST" name="ApplicationForm" finished-at="2022-11-22T17:58:19 IST" duration-ms="2494" status="FAIL">
          <exception class="org.openqa.selenium.support.ui.UnexpectedTagNameException">
            <message>
              <![CDATA[Element should have been "select" but was "span"
Build info: version: '4.3.0', revision: 'a4995e2c09*'
System info: host: 'DESKTOP-N985JV5', ip: '192.168.1.2', os.name: 'Windows 10', os.arch: 'amd64', os.version: '10.0', java.version: '17.0.2'
Driver info: driver.version: unknown]]>
            </message>
            <full-stacktrace>
              <![CDATA[org.openqa.selenium.support.ui.UnexpectedTagNameException: Element should have been "select" but was "span"
Build info: version: '4.3.0', revision: 'a4995e2c09*'
System info: host: 'DESKTOP-N985JV5', ip: '192.168.1.2', os.name: 'Windows 10', os.arch: 'amd64', os.version: '10.0', java.version: '17.0.2'
Driver info: driver.version: unknown
at org.openqa.selenium.support.ui.Select.<init>(Select.java:49)
at POM.Applicationform.none2(Applicationform.java:156)
at Browser.Testclass1.ApplicationForm(Testclass1.java:27)
at java.base/jdk.internal.reflect.NativeMethodAccessorImpl.invoke0(Native Method)
at java.base/jdk.internal.reflect.NativeMethodAccessorImpl.invoke(NativeMethodAccessorImpl.java:77)
at java.base/jdk.internal.reflect.DelegatingMethodAccessorImpl.invoke(DelegatingMethodAccessorImpl.java:43)
at java.base/java.lang.reflect.Method.invoke(Method.java:568)
at org.testng.internal.invokers.MethodInvocationHelper.invokeMethod(MethodInvocationHelper.java:139)
at org.testng.internal.invokers.TestInvoker.invokeMethod(TestInvoker.java:677)
at org.testng.internal.invokers.TestInvoker.invokeTestMethod(TestInvoker.java:221)
at org.testng.internal.invokers.MethodRunner.runInSequence(MethodRunner.java:50)
at org.testng.internal.invokers.TestInvoker$MethodInvocationAgent.invoke(TestInvoker.java:962)
at org.testng.internal.invokers.TestInvoker.invokeTestMethods(TestInvoker.java:194)
at org.testng.internal.invokers.TestMethodWorker.invokeTestMethods(TestMethodWorker.java:148)
at org.testng.internal.invokers.TestMethodWorker.run(TestMethodWorker.java:128)
at java.base/java.util.ArrayList.forEach(ArrayList.java:1511)
at org.testng.TestRunner.privateRun(TestRunner.java:806)
at org.testng.TestRunner.run(TestRunner.java:601)
at org.testng.SuiteRunner.runTest(SuiteRunner.java:433)
at org.testng.SuiteRunner.runSequentially(SuiteRunner.java:427)
at org.testng.SuiteRunner.privateRun(SuiteRunner.java:387)
at org.testng.SuiteRunner.run(SuiteRunner.java:330)
at org.testng.SuiteRunnerWorker.runSuite(SuiteRunnerWorker.java:52)
at org.testng.SuiteRunnerWorker.run(SuiteRunnerWorker.java:95)
at org.testng.TestNG.runSuitesSequentially(TestNG.java:1256)
at org.testng.TestNG.runSuitesLocally(TestNG.java:1176)
at org.testng.TestNG.runSuites(TestNG.java:1099)
at org.testng.TestNG.run(TestNG.java:1067)
at org.testng.remote.AbstractRemoteTestNG.run(AbstractRemoteTestNG.java:115)
at org.testng.remote.RemoteTestNG.initAndRun(RemoteTestNG.java:251)
at org.testng.remote.RemoteTestNG.main(RemoteTestNG.java:77)
]]>
            </full-stacktrace>
          </exception> <!-- org.openqa.selenium.support.ui.UnexpectedTagNameException -->
          <reporter-output>
          </reporter-output>
        </test-method> <!-- ApplicationForm -->
        <test-method is-config="true" signature="TestStatus(org.testng.ITestResult)[pri:0, instance:Browser.Testclass1@7526515b]" started-at="2022-11-22T17:58:19 IST" name="TestStatus" finished-at="2022-11-22T17:58:19 IST" duration-ms="146" status="PASS">
          <params>
            <param index="0">
              <value>
                <![CDATA[[TestResult name=ApplicationForm status=FAILURE method=Testclass1.ApplicationForm()[pri:0, instance:Browser.Testclass1@7526515b] output={null}]]]>
              </value>
            </param>
          </params>
          <reporter-output>
          </reporter-output>
        </test-method> <!-- TestStatus -->
      </class> <!-- Browser.Testclass1 -->
      <class name="Browser.Baseclass">
        <test-method is-config="true" signature="BrowserInt()[pri:0, instance:Browser.Baseclass@1e6a3214]" started-at="2022-11-22T17:56:26 IST" name="BrowserInt" finished-at="2022-11-22T17:56:27 IST" duration-ms="506" status="PASS">
          <reporter-output>
          </reporter-output>
        </test-method> <!-- BrowserInt -->
        <test-method is-config="true" signature="loginTest()[pri:0, instance:Browser.Baseclass@1e6a3214]" started-at="2022-11-22T17:56:27 IST" name="loginTest" finished-at="2022-11-22T17:57:58 IST" duration-ms="91177" status="PASS">
          <reporter-output>
          </reporter-output>
        </test-method> <!-- loginTest -->
        <test-method is-config="true" signature="tearDown()[pri:0, instance:Browser.Baseclass@1e6a3214]" started-at="2022-11-22T17:58:19 IST" name="tearDown" finished-at="2022-11-22T17:58:19 IST" duration-ms="28" status="PASS">
          <reporter-output>
          </reporter-output>
        </test-method> <!-- tearDown -->
      </class> <!-- Browser.Baseclass -->
    </test> <!-- Test -->
  </suite> <!-- Suite -->
</testng-results>
